<?xml version="1.0" encoding="UTF-8"?>
<testng-results ignored="0" total="1" passed="1" failed="0" skipped="0">
  <reporter-output>
  </reporter-output>
  <suite started-at="2020-10-20T22:51:20 IST" name="Default suite" finished-at="2020-10-20T22:51:28 IST" duration-ms="7660">
    <groups>
    </groups>
    <test started-at="2020-10-20T22:51:20 IST" name="Default test" finished-at="2020-10-20T22:51:28 IST" duration-ms="7660">
      <class name="com.maven.E2EJenkins.TestNGtest">
        <test-method signature="test()[pri:0, instance:com.maven.E2EJenkins.TestNGtest@306e95ec]" started-at="2020-10-20T22:51:20 IST" name="test" finished-at="2020-10-20T22:51:28 IST" duration-ms="7604" status="PASS">
          <reporter-output>
          </reporter-output>
        </test-method> <!-- test -->
      </class> <!-- com.maven.E2EJenkins.TestNGtest -->
    </test> <!-- Default test -->
  </suite> <!-- Default suite -->
</testng-results>
